[2024-09-13T09:53:31.674+0000] {local_task_job_runner.py:123} INFO - ::group::Pre task execution logs
[2024-09-13T09:53:31.709+0000] {taskinstance.py:2612} INFO - Dependencies all met for dep_context=non-requeueable deps ti=<TaskInstance: customer_product_bash.say_welcome manual__2024-09-13T09:53:29.695042+00:00 [queued]>
[2024-09-13T09:53:31.725+0000] {taskinstance.py:2612} INFO - Dependencies all met for dep_context=requeueable deps ti=<TaskInstance: customer_product_bash.say_welcome manual__2024-09-13T09:53:29.695042+00:00 [queued]>
[2024-09-13T09:53:31.726+0000] {taskinstance.py:2865} INFO - Starting attempt 1 of 2
[2024-09-13T09:53:31.752+0000] {taskinstance.py:2888} INFO - Executing <Task(BashOperator): say_welcome> on 2024-09-13 09:53:29.695042+00:00
[2024-09-13T09:53:31.763+0000] {warnings.py:112} WARNING - /home/***/.local/lib/python3.12/site-packages/***/task/task_runner/standard_task_runner.py:70: DeprecationWarning: This process (pid=4023) is multi-threaded, use of fork() may lead to deadlocks in the child.
  pid = os.fork()

[2024-09-13T09:53:31.767+0000] {standard_task_runner.py:72} INFO - Started process 4024 to run task
[2024-09-13T09:53:31.766+0000] {standard_task_runner.py:104} INFO - Running: ['***', 'tasks', 'run', 'customer_product_bash', 'say_welcome', 'manual__2024-09-13T09:53:29.695042+00:00', '--job-id', '89', '--raw', '--subdir', 'DAGS_FOLDER/retailData_dags.py', '--cfg-path', '/tmp/tmp09l4u6qe']
[2024-09-13T09:53:31.769+0000] {standard_task_runner.py:105} INFO - Job 89: Subtask say_welcome
[2024-09-13T09:53:31.862+0000] {task_command.py:467} INFO - Running <TaskInstance: customer_product_bash.say_welcome manual__2024-09-13T09:53:29.695042+00:00 [running]> on host 9c5d837b6f3b
[2024-09-13T09:53:32.039+0000] {taskinstance.py:3131} INFO - Exporting env vars: AIRFLOW_CTX_DAG_EMAIL='muhii.smta@gmail.com' AIRFLOW_CTX_DAG_OWNER='Muhii' AIRFLOW_CTX_DAG_ID='customer_product_bash' AIRFLOW_CTX_TASK_ID='say_welcome' AIRFLOW_CTX_EXECUTION_DATE='2024-09-13T09:53:29.695042+00:00' AIRFLOW_CTX_TRY_NUMBER='1' AIRFLOW_CTX_DAG_RUN_ID='manual__2024-09-13T09:53:29.695042+00:00'
[2024-09-13T09:53:32.041+0000] {taskinstance.py:731} INFO - ::endgroup::
[2024-09-13T09:53:32.070+0000] {subprocess.py:63} INFO - Tmp dir root location: /tmp
[2024-09-13T09:53:32.072+0000] {subprocess.py:75} INFO - Running command: ['/usr/bin/bash', '-c', 'echo "Hallo !"']
[2024-09-13T09:53:32.091+0000] {subprocess.py:86} INFO - Output:
[2024-09-13T09:53:32.095+0000] {subprocess.py:93} INFO - Hallo !
[2024-09-13T09:53:32.096+0000] {subprocess.py:97} INFO - Command exited with return code 0
[2024-09-13T09:53:32.147+0000] {taskinstance.py:340} INFO - ::group::Post task execution logs
[2024-09-13T09:53:32.148+0000] {taskinstance.py:352} INFO - Marking task as SUCCESS. dag_id=customer_product_bash, task_id=say_welcome, run_id=manual__2024-09-13T09:53:29.695042+00:00, execution_date=20240913T095329, start_date=20240913T095331, end_date=20240913T095332
[2024-09-13T09:53:32.228+0000] {local_task_job_runner.py:266} INFO - Task exited with return code 0
[2024-09-13T09:53:32.288+0000] {taskinstance.py:3900} INFO - 1 downstream tasks scheduled from follow-on schedule check
[2024-09-13T09:53:32.298+0000] {local_task_job_runner.py:245} INFO - ::endgroup::
