[2024-09-15T17:10:28.272+0000] {local_task_job_runner.py:123} INFO - ::group::Pre task execution logs
[2024-09-15T17:10:28.315+0000] {taskinstance.py:2612} INFO - Dependencies all met for dep_context=non-requeueable deps ti=<TaskInstance: customer_product_bash.retailDataWithAirflow manual__2024-09-15T17:10:24.503646+00:00 [queued]>
[2024-09-15T17:10:28.333+0000] {taskinstance.py:2612} INFO - Dependencies all met for dep_context=requeueable deps ti=<TaskInstance: customer_product_bash.retailDataWithAirflow manual__2024-09-15T17:10:24.503646+00:00 [queued]>
[2024-09-15T17:10:28.335+0000] {taskinstance.py:2865} INFO - Starting attempt 1 of 2
[2024-09-15T17:10:28.368+0000] {taskinstance.py:2888} INFO - Executing <Task(BashOperator): retailDataWithAirflow> on 2024-09-15 17:10:24.503646+00:00
[2024-09-15T17:10:28.381+0000] {warnings.py:112} WARNING - /home/***/.local/lib/python3.12/site-packages/***/task/task_runner/standard_task_runner.py:70: DeprecationWarning: This process (pid=1025) is multi-threaded, use of fork() may lead to deadlocks in the child.
  pid = os.fork()

[2024-09-15T17:10:28.384+0000] {standard_task_runner.py:72} INFO - Started process 1026 to run task
[2024-09-15T17:10:28.384+0000] {standard_task_runner.py:104} INFO - Running: ['***', 'tasks', 'run', 'customer_product_bash', 'retailDataWithAirflow', 'manual__2024-09-15T17:10:24.503646+00:00', '--job-id', '22', '--raw', '--subdir', 'DAGS_FOLDER/retailData_dags.py', '--cfg-path', '/tmp/tmp6vrpb31n']
[2024-09-15T17:10:28.386+0000] {standard_task_runner.py:105} INFO - Job 22: Subtask retailDataWithAirflow
[2024-09-15T17:10:28.485+0000] {task_command.py:467} INFO - Running <TaskInstance: customer_product_bash.retailDataWithAirflow manual__2024-09-15T17:10:24.503646+00:00 [running]> on host 6b58833345bd
[2024-09-15T17:10:28.680+0000] {taskinstance.py:3131} INFO - Exporting env vars: AIRFLOW_CTX_DAG_EMAIL='muhii.smta@gmail.com' AIRFLOW_CTX_DAG_OWNER='Muhii' AIRFLOW_CTX_DAG_ID='customer_product_bash' AIRFLOW_CTX_TASK_ID='retailDataWithAirflow' AIRFLOW_CTX_EXECUTION_DATE='2024-09-15T17:10:24.503646+00:00' AIRFLOW_CTX_TRY_NUMBER='1' AIRFLOW_CTX_DAG_RUN_ID='manual__2024-09-15T17:10:24.503646+00:00'
[2024-09-15T17:10:28.682+0000] {taskinstance.py:731} INFO - ::endgroup::
[2024-09-15T17:10:28.714+0000] {subprocess.py:63} INFO - Tmp dir root location: /tmp
[2024-09-15T17:10:28.716+0000] {subprocess.py:75} INFO - Running command: ['/usr/bin/bash', '-c', 'python /opt/***/dags/script/retailDataWithAirflow.py']
[2024-09-15T17:10:28.737+0000] {subprocess.py:86} INFO - Output:
[2024-09-15T17:10:31.916+0000] {subprocess.py:93} INFO - Error loading data to database: (psycopg2.OperationalError) could not translate host name "localhost.docker.internal" to address: No address associated with hostname
[2024-09-15T17:10:31.918+0000] {subprocess.py:93} INFO - 
[2024-09-15T17:10:31.919+0000] {subprocess.py:93} INFO - (Background on this error at: https://sqlalche.me/e/14/e3q8)
[2024-09-15T17:10:31.919+0000] {subprocess.py:93} INFO - Error loading data to database: (psycopg2.OperationalError) could not translate host name "localhost.docker.internal" to address: No address associated with hostname
[2024-09-15T17:10:31.920+0000] {subprocess.py:93} INFO - 
[2024-09-15T17:10:31.921+0000] {subprocess.py:93} INFO - (Background on this error at: https://sqlalche.me/e/14/e3q8)
[2024-09-15T17:10:32.081+0000] {subprocess.py:97} INFO - Command exited with return code 0
[2024-09-15T17:10:32.137+0000] {taskinstance.py:340} INFO - ::group::Post task execution logs
[2024-09-15T17:10:32.139+0000] {taskinstance.py:352} INFO - Marking task as SUCCESS. dag_id=customer_product_bash, task_id=retailDataWithAirflow, run_id=manual__2024-09-15T17:10:24.503646+00:00, execution_date=20240915T171024, start_date=20240915T171028, end_date=20240915T171032
[2024-09-15T17:10:32.193+0000] {local_task_job_runner.py:266} INFO - Task exited with return code 0
[2024-09-15T17:10:32.216+0000] {local_task_job_runner.py:245} INFO - ::endgroup::
