[2024-09-15T17:07:48.185+0000] {local_task_job_runner.py:123} INFO - ::group::Pre task execution logs
[2024-09-15T17:07:48.227+0000] {taskinstance.py:2612} INFO - Dependencies all met for dep_context=non-requeueable deps ti=<TaskInstance: customer_product_bash.say_end manual__2024-09-15T17:07:38.536367+00:00 [queued]>
[2024-09-15T17:07:48.244+0000] {taskinstance.py:2612} INFO - Dependencies all met for dep_context=requeueable deps ti=<TaskInstance: customer_product_bash.say_end manual__2024-09-15T17:07:38.536367+00:00 [queued]>
[2024-09-15T17:07:48.246+0000] {taskinstance.py:2865} INFO - Starting attempt 1 of 2
[2024-09-15T17:07:48.284+0000] {taskinstance.py:2888} INFO - Executing <Task(BashOperator): say_end> on 2024-09-15 17:07:38.536367+00:00
[2024-09-15T17:07:48.296+0000] {warnings.py:112} WARNING - /home/***/.local/lib/python3.12/site-packages/***/task/task_runner/standard_task_runner.py:70: DeprecationWarning: This process (pid=982) is multi-threaded, use of fork() may lead to deadlocks in the child.
  pid = os.fork()

[2024-09-15T17:07:48.299+0000] {standard_task_runner.py:72} INFO - Started process 983 to run task
[2024-09-15T17:07:48.299+0000] {standard_task_runner.py:104} INFO - Running: ['***', 'tasks', 'run', 'customer_product_bash', 'say_end', 'manual__2024-09-15T17:07:38.536367+00:00', '--job-id', '20', '--raw', '--subdir', 'DAGS_FOLDER/retailData_dags.py', '--cfg-path', '/tmp/tmp__u8s4tp']
[2024-09-15T17:07:48.301+0000] {standard_task_runner.py:105} INFO - Job 20: Subtask say_end
[2024-09-15T17:07:48.412+0000] {task_command.py:467} INFO - Running <TaskInstance: customer_product_bash.say_end manual__2024-09-15T17:07:38.536367+00:00 [running]> on host 6b58833345bd
[2024-09-15T17:07:48.603+0000] {taskinstance.py:3131} INFO - Exporting env vars: AIRFLOW_CTX_DAG_EMAIL='muhii.smta@gmail.com' AIRFLOW_CTX_DAG_OWNER='Muhii' AIRFLOW_CTX_DAG_ID='customer_product_bash' AIRFLOW_CTX_TASK_ID='say_end' AIRFLOW_CTX_EXECUTION_DATE='2024-09-15T17:07:38.536367+00:00' AIRFLOW_CTX_TRY_NUMBER='1' AIRFLOW_CTX_DAG_RUN_ID='manual__2024-09-15T17:07:38.536367+00:00'
[2024-09-15T17:07:48.604+0000] {taskinstance.py:731} INFO - ::endgroup::
[2024-09-15T17:07:48.637+0000] {subprocess.py:63} INFO - Tmp dir root location: /tmp
[2024-09-15T17:07:48.639+0000] {subprocess.py:75} INFO - Running command: ['/usr/bin/bash', '-c', 'echo "Good Bye ..."']
[2024-09-15T17:07:48.660+0000] {subprocess.py:86} INFO - Output:
[2024-09-15T17:07:48.663+0000] {subprocess.py:93} INFO - Good Bye ...
[2024-09-15T17:07:48.665+0000] {subprocess.py:97} INFO - Command exited with return code 0
[2024-09-15T17:07:48.720+0000] {taskinstance.py:340} INFO - ::group::Post task execution logs
[2024-09-15T17:07:48.721+0000] {taskinstance.py:352} INFO - Marking task as SUCCESS. dag_id=customer_product_bash, task_id=say_end, run_id=manual__2024-09-15T17:07:38.536367+00:00, execution_date=20240915T170738, start_date=20240915T170748, end_date=20240915T170748
[2024-09-15T17:07:48.759+0000] {local_task_job_runner.py:266} INFO - Task exited with return code 0
[2024-09-15T17:07:48.796+0000] {taskinstance.py:3900} INFO - 0 downstream tasks scheduled from follow-on schedule check
[2024-09-15T17:07:48.800+0000] {local_task_job_runner.py:245} INFO - ::endgroup::
