[2024-09-15T16:49:17.349+0000] {local_task_job_runner.py:123} INFO - ::group::Pre task execution logs
[2024-09-15T16:49:17.391+0000] {taskinstance.py:2612} INFO - Dependencies all met for dep_context=non-requeueable deps ti=<TaskInstance: customer_product_bash.say_welcome manual__2024-09-15T16:49:16.155395+00:00 [queued]>
[2024-09-15T16:49:17.412+0000] {taskinstance.py:2612} INFO - Dependencies all met for dep_context=requeueable deps ti=<TaskInstance: customer_product_bash.say_welcome manual__2024-09-15T16:49:16.155395+00:00 [queued]>
[2024-09-15T16:49:17.413+0000] {taskinstance.py:2865} INFO - Starting attempt 1 of 2
[2024-09-15T16:49:17.450+0000] {taskinstance.py:2888} INFO - Executing <Task(BashOperator): say_welcome> on 2024-09-15 16:49:16.155395+00:00
[2024-09-15T16:49:17.463+0000] {warnings.py:112} WARNING - /home/***/.local/lib/python3.12/site-packages/***/task/task_runner/standard_task_runner.py:70: DeprecationWarning: This process (pid=662) is multi-threaded, use of fork() may lead to deadlocks in the child.
  pid = os.fork()

[2024-09-15T16:49:17.466+0000] {standard_task_runner.py:72} INFO - Started process 663 to run task
[2024-09-15T16:49:17.466+0000] {standard_task_runner.py:104} INFO - Running: ['***', 'tasks', 'run', 'customer_product_bash', 'say_welcome', 'manual__2024-09-15T16:49:16.155395+00:00', '--job-id', '9', '--raw', '--subdir', 'DAGS_FOLDER/retailData_dags.py', '--cfg-path', '/tmp/tmp3h1afapv']
[2024-09-15T16:49:17.469+0000] {standard_task_runner.py:105} INFO - Job 9: Subtask say_welcome
[2024-09-15T16:49:17.576+0000] {task_command.py:467} INFO - Running <TaskInstance: customer_product_bash.say_welcome manual__2024-09-15T16:49:16.155395+00:00 [running]> on host 6b58833345bd
[2024-09-15T16:49:17.788+0000] {taskinstance.py:3131} INFO - Exporting env vars: AIRFLOW_CTX_DAG_EMAIL='muhii.smta@gmail.com' AIRFLOW_CTX_DAG_OWNER='Muhii' AIRFLOW_CTX_DAG_ID='customer_product_bash' AIRFLOW_CTX_TASK_ID='say_welcome' AIRFLOW_CTX_EXECUTION_DATE='2024-09-15T16:49:16.155395+00:00' AIRFLOW_CTX_TRY_NUMBER='1' AIRFLOW_CTX_DAG_RUN_ID='manual__2024-09-15T16:49:16.155395+00:00'
[2024-09-15T16:49:17.790+0000] {taskinstance.py:731} INFO - ::endgroup::
[2024-09-15T16:49:17.820+0000] {subprocess.py:63} INFO - Tmp dir root location: /tmp
[2024-09-15T16:49:17.821+0000] {subprocess.py:75} INFO - Running command: ['/usr/bin/bash', '-c', 'echo "Hallo !"']
[2024-09-15T16:49:17.851+0000] {subprocess.py:86} INFO - Output:
[2024-09-15T16:49:17.855+0000] {subprocess.py:93} INFO - Hallo !
[2024-09-15T16:49:17.856+0000] {subprocess.py:97} INFO - Command exited with return code 0
[2024-09-15T16:49:17.913+0000] {taskinstance.py:340} INFO - ::group::Post task execution logs
[2024-09-15T16:49:17.914+0000] {taskinstance.py:352} INFO - Marking task as SUCCESS. dag_id=customer_product_bash, task_id=say_welcome, run_id=manual__2024-09-15T16:49:16.155395+00:00, execution_date=20240915T164916, start_date=20240915T164917, end_date=20240915T164917
[2024-09-15T16:49:17.966+0000] {local_task_job_runner.py:266} INFO - Task exited with return code 0
[2024-09-15T16:49:18.032+0000] {taskinstance.py:3900} INFO - 1 downstream tasks scheduled from follow-on schedule check
[2024-09-15T16:49:18.036+0000] {local_task_job_runner.py:245} INFO - ::endgroup::
