[2024-09-13T05:22:59.822+0000] {local_task_job_runner.py:123} INFO - ::group::Pre task execution logs
[2024-09-13T05:22:59.858+0000] {taskinstance.py:2612} INFO - Dependencies all met for dep_context=non-requeueable deps ti=<TaskInstance: customer_product_bash.retailDataWithAirflow manual__2024-09-13T05:22:55.861329+00:00 [queued]>
[2024-09-13T05:22:59.875+0000] {taskinstance.py:2612} INFO - Dependencies all met for dep_context=requeueable deps ti=<TaskInstance: customer_product_bash.retailDataWithAirflow manual__2024-09-13T05:22:55.861329+00:00 [queued]>
[2024-09-13T05:22:59.877+0000] {taskinstance.py:2865} INFO - Starting attempt 1 of 2
[2024-09-13T05:22:59.908+0000] {taskinstance.py:2888} INFO - Executing <Task(BashOperator): retailDataWithAirflow> on 2024-09-13 05:22:55.861329+00:00
[2024-09-13T05:22:59.926+0000] {warnings.py:112} WARNING - /home/***/.local/lib/python3.12/site-packages/***/task/task_runner/standard_task_runner.py:70: DeprecationWarning: This process (pid=958) is multi-threaded, use of fork() may lead to deadlocks in the child.
  pid = os.fork()

[2024-09-13T05:22:59.927+0000] {standard_task_runner.py:104} INFO - Running: ['***', 'tasks', 'run', 'customer_product_bash', 'retailDataWithAirflow', 'manual__2024-09-13T05:22:55.861329+00:00', '--job-id', '69', '--raw', '--subdir', 'DAGS_FOLDER/retailData_dags.py', '--cfg-path', '/tmp/tmp4_zmh6eh']
[2024-09-13T05:22:59.930+0000] {standard_task_runner.py:72} INFO - Started process 959 to run task
[2024-09-13T05:22:59.931+0000] {standard_task_runner.py:105} INFO - Job 69: Subtask retailDataWithAirflow
[2024-09-13T05:23:00.033+0000] {task_command.py:467} INFO - Running <TaskInstance: customer_product_bash.retailDataWithAirflow manual__2024-09-13T05:22:55.861329+00:00 [running]> on host 9c5d837b6f3b
[2024-09-13T05:23:00.259+0000] {taskinstance.py:3131} INFO - Exporting env vars: AIRFLOW_CTX_DAG_EMAIL='muhii.smta@gmail.com' AIRFLOW_CTX_DAG_OWNER='Muhii' AIRFLOW_CTX_DAG_ID='customer_product_bash' AIRFLOW_CTX_TASK_ID='retailDataWithAirflow' AIRFLOW_CTX_EXECUTION_DATE='2024-09-13T05:22:55.861329+00:00' AIRFLOW_CTX_TRY_NUMBER='1' AIRFLOW_CTX_DAG_RUN_ID='manual__2024-09-13T05:22:55.861329+00:00'
[2024-09-13T05:23:00.261+0000] {taskinstance.py:731} INFO - ::endgroup::
[2024-09-13T05:23:00.303+0000] {subprocess.py:63} INFO - Tmp dir root location: /tmp
[2024-09-13T05:23:00.305+0000] {subprocess.py:75} INFO - Running command: ['/usr/bin/bash', '-c', 'python /opt/***/dags/script/retailDataWithAirflow.py']
[2024-09-13T05:23:00.324+0000] {subprocess.py:86} INFO - Output:
[2024-09-13T05:23:03.711+0000] {subprocess.py:93} INFO - Error loading data to database: (psycopg2.OperationalError) connection to server at "host.docker.internal" (192.168.65.254), port 5432 failed: FATAL:  password authentication failed for user "postgres"
[2024-09-13T05:23:03.712+0000] {subprocess.py:93} INFO - 
[2024-09-13T05:23:03.713+0000] {subprocess.py:93} INFO - (Background on this error at: https://sqlalche.me/e/14/e3q8)
[2024-09-13T05:23:03.715+0000] {subprocess.py:93} INFO - Error loading data to database: (psycopg2.OperationalError) connection to server at "host.docker.internal" (192.168.65.254), port 5432 failed: FATAL:  password authentication failed for user "postgres"
[2024-09-13T05:23:03.716+0000] {subprocess.py:93} INFO - 
[2024-09-13T05:23:03.717+0000] {subprocess.py:93} INFO - (Background on this error at: https://sqlalche.me/e/14/e3q8)
[2024-09-13T05:23:03.917+0000] {subprocess.py:97} INFO - Command exited with return code 0
[2024-09-13T05:23:03.970+0000] {taskinstance.py:340} INFO - ::group::Post task execution logs
[2024-09-13T05:23:03.972+0000] {taskinstance.py:352} INFO - Marking task as SUCCESS. dag_id=customer_product_bash, task_id=retailDataWithAirflow, run_id=manual__2024-09-13T05:22:55.861329+00:00, execution_date=20240913T052255, start_date=20240913T052259, end_date=20240913T052303
[2024-09-13T05:23:04.049+0000] {local_task_job_runner.py:266} INFO - Task exited with return code 0
[2024-09-13T05:23:04.090+0000] {taskinstance.py:3900} INFO - 1 downstream tasks scheduled from follow-on schedule check
[2024-09-13T05:23:04.095+0000] {local_task_job_runner.py:245} INFO - ::endgroup::
