[2024-09-13T04:53:11.120+0000] {local_task_job_runner.py:123} INFO - ::group::Pre task execution logs
[2024-09-13T04:53:11.151+0000] {taskinstance.py:2612} INFO - Dependencies all met for dep_context=non-requeueable deps ti=<TaskInstance: etl_green_trip_data_python_opr.say_welcome manual__2024-09-13T04:53:08.805945+00:00 [queued]>
[2024-09-13T04:53:11.165+0000] {taskinstance.py:2612} INFO - Dependencies all met for dep_context=requeueable deps ti=<TaskInstance: etl_green_trip_data_python_opr.say_welcome manual__2024-09-13T04:53:08.805945+00:00 [queued]>
[2024-09-13T04:53:11.167+0000] {taskinstance.py:2865} INFO - Starting attempt 1 of 2
[2024-09-13T04:53:11.191+0000] {taskinstance.py:2888} INFO - Executing <Task(PythonOperator): say_welcome> on 2024-09-13 04:53:08.805945+00:00
[2024-09-13T04:53:11.203+0000] {warnings.py:112} WARNING - /home/***/.local/lib/python3.12/site-packages/***/task/task_runner/standard_task_runner.py:70: DeprecationWarning: This process (pid=576) is multi-threaded, use of fork() may lead to deadlocks in the child.
  pid = os.fork()

[2024-09-13T04:53:11.205+0000] {standard_task_runner.py:72} INFO - Started process 578 to run task
[2024-09-13T04:53:11.206+0000] {standard_task_runner.py:104} INFO - Running: ['***', 'tasks', 'run', 'etl_green_trip_data_python_opr', 'say_welcome', 'manual__2024-09-13T04:53:08.805945+00:00', '--job-id', '62', '--raw', '--subdir', 'DAGS_FOLDER/test_dags_python_opr.py', '--cfg-path', '/tmp/tmp69bag683']
[2024-09-13T04:53:11.210+0000] {standard_task_runner.py:105} INFO - Job 62: Subtask say_welcome
[2024-09-13T04:53:11.297+0000] {task_command.py:467} INFO - Running <TaskInstance: etl_green_trip_data_python_opr.say_welcome manual__2024-09-13T04:53:08.805945+00:00 [running]> on host 9c5d837b6f3b
[2024-09-13T04:53:11.747+0000] {taskinstance.py:3131} INFO - Exporting env vars: AIRFLOW_CTX_DAG_EMAIL='muhii.smta@gmail.com' AIRFLOW_CTX_DAG_OWNER='Muhii' AIRFLOW_CTX_DAG_ID='etl_green_trip_data_python_opr' AIRFLOW_CTX_TASK_ID='say_welcome' AIRFLOW_CTX_EXECUTION_DATE='2024-09-13T04:53:08.805945+00:00' AIRFLOW_CTX_TRY_NUMBER='1' AIRFLOW_CTX_DAG_RUN_ID='manual__2024-09-13T04:53:08.805945+00:00'
[2024-09-13T04:53:11.749+0000] {taskinstance.py:731} INFO - ::endgroup::
[2024-09-13T04:53:11.773+0000] {logging_mixin.py:190} INFO - Welcome to Apache Airflow
[2024-09-13T04:53:11.774+0000] {logging_mixin.py:190} INFO - First run this task then execute task transform_csv and transform_json parallel
[2024-09-13T04:53:11.775+0000] {logging_mixin.py:190} INFO - Then finally run task end_task
[2024-09-13T04:53:11.776+0000] {python.py:240} INFO - Done. Returned value was: None
[2024-09-13T04:53:11.793+0000] {taskinstance.py:340} INFO - ::group::Post task execution logs
[2024-09-13T04:53:11.794+0000] {taskinstance.py:352} INFO - Marking task as SUCCESS. dag_id=etl_green_trip_data_python_opr, task_id=say_welcome, run_id=manual__2024-09-13T04:53:08.805945+00:00, execution_date=20240913T045308, start_date=20240913T045311, end_date=20240913T045311
[2024-09-13T04:53:11.867+0000] {local_task_job_runner.py:266} INFO - Task exited with return code 0
[2024-09-13T04:53:11.913+0000] {taskinstance.py:3900} INFO - 1 downstream tasks scheduled from follow-on schedule check
[2024-09-13T04:53:11.918+0000] {local_task_job_runner.py:245} INFO - ::endgroup::
