[2024-09-13T10:58:37.036+0000] {local_task_job_runner.py:123} INFO - ::group::Pre task execution logs
[2024-09-13T10:58:37.073+0000] {taskinstance.py:2612} INFO - Dependencies all met for dep_context=non-requeueable deps ti=<TaskInstance: customer_product_bash.retailDataWithAirflow manual__2024-09-13T10:58:33.888128+00:00 [queued]>
[2024-09-13T10:58:37.089+0000] {taskinstance.py:2612} INFO - Dependencies all met for dep_context=requeueable deps ti=<TaskInstance: customer_product_bash.retailDataWithAirflow manual__2024-09-13T10:58:33.888128+00:00 [queued]>
[2024-09-13T10:58:37.091+0000] {taskinstance.py:2865} INFO - Starting attempt 1 of 2
[2024-09-13T10:58:37.120+0000] {taskinstance.py:2888} INFO - Executing <Task(BashOperator): retailDataWithAirflow> on 2024-09-13 10:58:33.888128+00:00
[2024-09-13T10:58:37.131+0000] {warnings.py:112} WARNING - /home/***/.local/lib/python3.12/site-packages/***/task/task_runner/standard_task_runner.py:70: DeprecationWarning: This process (pid=4873) is multi-threaded, use of fork() may lead to deadlocks in the child.
  pid = os.fork()

[2024-09-13T10:58:37.133+0000] {standard_task_runner.py:72} INFO - Started process 4874 to run task
[2024-09-13T10:58:37.134+0000] {standard_task_runner.py:104} INFO - Running: ['***', 'tasks', 'run', 'customer_product_bash', 'retailDataWithAirflow', 'manual__2024-09-13T10:58:33.888128+00:00', '--job-id', '99', '--raw', '--subdir', 'DAGS_FOLDER/retailData_dags.py', '--cfg-path', '/tmp/tmp66ojckax']
[2024-09-13T10:58:37.136+0000] {standard_task_runner.py:105} INFO - Job 99: Subtask retailDataWithAirflow
[2024-09-13T10:58:37.219+0000] {task_command.py:467} INFO - Running <TaskInstance: customer_product_bash.retailDataWithAirflow manual__2024-09-13T10:58:33.888128+00:00 [running]> on host 9c5d837b6f3b
[2024-09-13T10:58:37.404+0000] {taskinstance.py:3131} INFO - Exporting env vars: AIRFLOW_CTX_DAG_EMAIL='muhii.smta@gmail.com' AIRFLOW_CTX_DAG_OWNER='Muhii' AIRFLOW_CTX_DAG_ID='customer_product_bash' AIRFLOW_CTX_TASK_ID='retailDataWithAirflow' AIRFLOW_CTX_EXECUTION_DATE='2024-09-13T10:58:33.888128+00:00' AIRFLOW_CTX_TRY_NUMBER='1' AIRFLOW_CTX_DAG_RUN_ID='manual__2024-09-13T10:58:33.888128+00:00'
[2024-09-13T10:58:37.405+0000] {taskinstance.py:731} INFO - ::endgroup::
[2024-09-13T10:58:37.437+0000] {subprocess.py:63} INFO - Tmp dir root location: /tmp
[2024-09-13T10:58:37.439+0000] {subprocess.py:75} INFO - Running command: ['/usr/bin/bash', '-c', 'python /opt/***/dags/script/retailDataWithAirflow.py']
[2024-09-13T10:58:37.459+0000] {subprocess.py:86} INFO - Output:
[2024-09-13T10:58:40.324+0000] {subprocess.py:93} INFO - /opt/***/dags/script/retailDataWithAirflow.py:116: UserWarning: pandas only supports SQLAlchemy connectable (engine/connection) or database string URI or sqlite3 DBAPI2 connection. Other DBAPI2 objects are not tested. Please consider using SQLAlchemy.
[2024-09-13T10:58:40.325+0000] {subprocess.py:93} INFO -   df.to_sql(name=self.table_name, con=raw_conn, index=False, if_exists='replace')
[2024-09-13T10:58:40.729+0000] {subprocess.py:93} INFO - /opt/***/dags/script/retailDataWithAirflow.py:116: UserWarning: pandas only supports SQLAlchemy connectable (engine/connection) or database string URI or sqlite3 DBAPI2 connection. Other DBAPI2 objects are not tested. Please consider using SQLAlchemy.
[2024-09-13T10:58:40.731+0000] {subprocess.py:93} INFO -   df.to_sql(name=self.table_name, con=raw_conn, index=False, if_exists='replace')
[2024-09-13T10:58:40.735+0000] {subprocess.py:93} INFO - Error loading data to database: Execution failed on sql '
[2024-09-13T10:58:40.737+0000] {subprocess.py:93} INFO -         SELECT
[2024-09-13T10:58:40.738+0000] {subprocess.py:93} INFO -             name
[2024-09-13T10:58:40.739+0000] {subprocess.py:93} INFO -         FROM
[2024-09-13T10:58:40.741+0000] {subprocess.py:93} INFO -             sqlite_master
[2024-09-13T10:58:40.743+0000] {subprocess.py:93} INFO -         WHERE
[2024-09-13T10:58:40.745+0000] {subprocess.py:93} INFO -             type IN ('table', 'view')
[2024-09-13T10:58:40.746+0000] {subprocess.py:93} INFO -             AND name=?;
[2024-09-13T10:58:40.748+0000] {subprocess.py:93} INFO -         ': syntax error at or near ";"
[2024-09-13T10:58:40.749+0000] {subprocess.py:93} INFO - LINE 8:             AND name=?;
[2024-09-13T10:58:40.750+0000] {subprocess.py:93} INFO -                               ^
[2024-09-13T10:58:40.752+0000] {subprocess.py:93} INFO - 
[2024-09-13T10:58:40.753+0000] {subprocess.py:93} INFO - Error loading data to database: Execution failed on sql '
[2024-09-13T10:58:40.754+0000] {subprocess.py:93} INFO -         SELECT
[2024-09-13T10:58:40.756+0000] {subprocess.py:93} INFO -             name
[2024-09-13T10:58:40.757+0000] {subprocess.py:93} INFO -         FROM
[2024-09-13T10:58:40.758+0000] {subprocess.py:93} INFO -             sqlite_master
[2024-09-13T10:58:40.759+0000] {subprocess.py:93} INFO -         WHERE
[2024-09-13T10:58:40.761+0000] {subprocess.py:93} INFO -             type IN ('table', 'view')
[2024-09-13T10:58:40.762+0000] {subprocess.py:93} INFO -             AND name=?;
[2024-09-13T10:58:40.763+0000] {subprocess.py:93} INFO -         ': syntax error at or near ";"
[2024-09-13T10:58:40.764+0000] {subprocess.py:93} INFO - LINE 8:             AND name=?;
[2024-09-13T10:58:40.765+0000] {subprocess.py:93} INFO -                               ^
[2024-09-13T10:58:40.766+0000] {subprocess.py:93} INFO - 
[2024-09-13T10:58:40.919+0000] {subprocess.py:97} INFO - Command exited with return code 0
[2024-09-13T10:58:40.974+0000] {taskinstance.py:340} INFO - ::group::Post task execution logs
[2024-09-13T10:58:40.976+0000] {taskinstance.py:352} INFO - Marking task as SUCCESS. dag_id=customer_product_bash, task_id=retailDataWithAirflow, run_id=manual__2024-09-13T10:58:33.888128+00:00, execution_date=20240913T105833, start_date=20240913T105837, end_date=20240913T105840
[2024-09-13T10:58:41.018+0000] {local_task_job_runner.py:266} INFO - Task exited with return code 0
[2024-09-13T10:58:41.075+0000] {taskinstance.py:3900} INFO - 1 downstream tasks scheduled from follow-on schedule check
[2024-09-13T10:58:41.079+0000] {local_task_job_runner.py:245} INFO - ::endgroup::
