[2024-09-15T16:44:45.451+0000] {local_task_job_runner.py:123} INFO - ::group::Pre task execution logs
[2024-09-15T16:44:45.498+0000] {taskinstance.py:2612} INFO - Dependencies all met for dep_context=non-requeueable deps ti=<TaskInstance: customer_product_bash.retailDataWithAirflow manual__2024-09-15T16:44:41.214181+00:00 [queued]>
[2024-09-15T16:44:45.521+0000] {taskinstance.py:2612} INFO - Dependencies all met for dep_context=requeueable deps ti=<TaskInstance: customer_product_bash.retailDataWithAirflow manual__2024-09-15T16:44:41.214181+00:00 [queued]>
[2024-09-15T16:44:45.522+0000] {taskinstance.py:2865} INFO - Starting attempt 1 of 2
[2024-09-15T16:44:45.550+0000] {taskinstance.py:2888} INFO - Executing <Task(BashOperator): retailDataWithAirflow> on 2024-09-15 16:44:41.214181+00:00
[2024-09-15T16:44:45.562+0000] {warnings.py:112} WARNING - /home/***/.local/lib/python3.12/site-packages/***/task/task_runner/standard_task_runner.py:70: DeprecationWarning: This process (pid=581) is multi-threaded, use of fork() may lead to deadlocks in the child.
  pid = os.fork()

[2024-09-15T16:44:45.564+0000] {standard_task_runner.py:72} INFO - Started process 582 to run task
[2024-09-15T16:44:45.565+0000] {standard_task_runner.py:104} INFO - Running: ['***', 'tasks', 'run', 'customer_product_bash', 'retailDataWithAirflow', 'manual__2024-09-15T16:44:41.214181+00:00', '--job-id', '7', '--raw', '--subdir', 'DAGS_FOLDER/retailData_dags.py', '--cfg-path', '/tmp/tmp1rdcvqjr']
[2024-09-15T16:44:45.567+0000] {standard_task_runner.py:105} INFO - Job 7: Subtask retailDataWithAirflow
[2024-09-15T16:44:45.663+0000] {task_command.py:467} INFO - Running <TaskInstance: customer_product_bash.retailDataWithAirflow manual__2024-09-15T16:44:41.214181+00:00 [running]> on host 6b58833345bd
[2024-09-15T16:44:45.882+0000] {taskinstance.py:3131} INFO - Exporting env vars: AIRFLOW_CTX_DAG_EMAIL='muhii.smta@gmail.com' AIRFLOW_CTX_DAG_OWNER='Muhii' AIRFLOW_CTX_DAG_ID='customer_product_bash' AIRFLOW_CTX_TASK_ID='retailDataWithAirflow' AIRFLOW_CTX_EXECUTION_DATE='2024-09-15T16:44:41.214181+00:00' AIRFLOW_CTX_TRY_NUMBER='1' AIRFLOW_CTX_DAG_RUN_ID='manual__2024-09-15T16:44:41.214181+00:00'
[2024-09-15T16:44:45.884+0000] {taskinstance.py:731} INFO - ::endgroup::
[2024-09-15T16:44:45.913+0000] {subprocess.py:63} INFO - Tmp dir root location: /tmp
[2024-09-15T16:44:45.915+0000] {subprocess.py:75} INFO - Running command: ['/usr/bin/bash', '-c', 'python /opt/***/dags/script/retailDataWithAirflow.py']
[2024-09-15T16:44:45.936+0000] {subprocess.py:86} INFO - Output:
[2024-09-15T16:44:48.870+0000] {subprocess.py:93} INFO - /opt/***/dags/script/retailDataWithAirflow.py:115: UserWarning: pandas only supports SQLAlchemy connectable (engine/connection) or database string URI or sqlite3 DBAPI2 connection. Other DBAPI2 objects are not tested. Please consider using SQLAlchemy.
[2024-09-15T16:44:48.872+0000] {subprocess.py:93} INFO -   df.to_sql(name=self.table_name, con=self.engine, index=False, if_exists='replace')
[2024-09-15T16:44:49.255+0000] {subprocess.py:93} INFO - /opt/***/dags/script/retailDataWithAirflow.py:115: UserWarning: pandas only supports SQLAlchemy connectable (engine/connection) or database string URI or sqlite3 DBAPI2 connection. Other DBAPI2 objects are not tested. Please consider using SQLAlchemy.
[2024-09-15T16:44:49.257+0000] {subprocess.py:93} INFO -   df.to_sql(name=self.table_name, con=self.engine, index=False, if_exists='replace')
[2024-09-15T16:44:49.258+0000] {subprocess.py:93} INFO - Error loading data to database: 'Engine' object has no attribute 'cursor'
[2024-09-15T16:44:49.259+0000] {subprocess.py:93} INFO - Error loading data to database: 'Engine' object has no attribute 'cursor'
[2024-09-15T16:44:49.443+0000] {subprocess.py:97} INFO - Command exited with return code 0
[2024-09-15T16:44:49.517+0000] {taskinstance.py:340} INFO - ::group::Post task execution logs
[2024-09-15T16:44:49.518+0000] {taskinstance.py:352} INFO - Marking task as SUCCESS. dag_id=customer_product_bash, task_id=retailDataWithAirflow, run_id=manual__2024-09-15T16:44:41.214181+00:00, execution_date=20240915T164441, start_date=20240915T164445, end_date=20240915T164449
[2024-09-15T16:44:49.568+0000] {local_task_job_runner.py:266} INFO - Task exited with return code 0
[2024-09-15T16:44:49.594+0000] {local_task_job_runner.py:245} INFO - ::endgroup::
