[2024-09-15T17:11:57.481+0000] {local_task_job_runner.py:123} INFO - ::group::Pre task execution logs
[2024-09-15T17:11:57.520+0000] {taskinstance.py:2612} INFO - Dependencies all met for dep_context=non-requeueable deps ti=<TaskInstance: customer_product_bash.say_end manual__2024-09-15T17:11:46.361254+00:00 [queued]>
[2024-09-15T17:11:57.537+0000] {taskinstance.py:2612} INFO - Dependencies all met for dep_context=requeueable deps ti=<TaskInstance: customer_product_bash.say_end manual__2024-09-15T17:11:46.361254+00:00 [queued]>
[2024-09-15T17:11:57.539+0000] {taskinstance.py:2865} INFO - Starting attempt 1 of 2
[2024-09-15T17:11:57.567+0000] {taskinstance.py:2888} INFO - Executing <Task(BashOperator): say_end> on 2024-09-15 17:11:46.361254+00:00
[2024-09-15T17:11:57.581+0000] {warnings.py:112} WARNING - /home/***/.local/lib/python3.12/site-packages/***/task/task_runner/standard_task_runner.py:70: DeprecationWarning: This process (pid=1115) is multi-threaded, use of fork() may lead to deadlocks in the child.
  pid = os.fork()

[2024-09-15T17:11:57.583+0000] {standard_task_runner.py:104} INFO - Running: ['***', 'tasks', 'run', 'customer_product_bash', 'say_end', 'manual__2024-09-15T17:11:46.361254+00:00', '--job-id', '29', '--raw', '--subdir', 'DAGS_FOLDER/retailData_dags.py', '--cfg-path', '/tmp/tmp12i6f724']
[2024-09-15T17:11:57.585+0000] {standard_task_runner.py:72} INFO - Started process 1116 to run task
[2024-09-15T17:11:57.585+0000] {standard_task_runner.py:105} INFO - Job 29: Subtask say_end
[2024-09-15T17:11:57.724+0000] {task_command.py:467} INFO - Running <TaskInstance: customer_product_bash.say_end manual__2024-09-15T17:11:46.361254+00:00 [running]> on host 6b58833345bd
[2024-09-15T17:11:58.011+0000] {taskinstance.py:3131} INFO - Exporting env vars: AIRFLOW_CTX_DAG_EMAIL='muhii.smta@gmail.com' AIRFLOW_CTX_DAG_OWNER='Muhii' AIRFLOW_CTX_DAG_ID='customer_product_bash' AIRFLOW_CTX_TASK_ID='say_end' AIRFLOW_CTX_EXECUTION_DATE='2024-09-15T17:11:46.361254+00:00' AIRFLOW_CTX_TRY_NUMBER='1' AIRFLOW_CTX_DAG_RUN_ID='manual__2024-09-15T17:11:46.361254+00:00'
[2024-09-15T17:11:58.013+0000] {taskinstance.py:731} INFO - ::endgroup::
[2024-09-15T17:11:58.058+0000] {subprocess.py:63} INFO - Tmp dir root location: /tmp
[2024-09-15T17:11:58.060+0000] {subprocess.py:75} INFO - Running command: ['/usr/bin/bash', '-c', 'echo "Good Bye ..."']
[2024-09-15T17:11:58.081+0000] {subprocess.py:86} INFO - Output:
[2024-09-15T17:11:58.086+0000] {subprocess.py:93} INFO - Good Bye ...
[2024-09-15T17:11:58.088+0000] {subprocess.py:97} INFO - Command exited with return code 0
[2024-09-15T17:11:58.145+0000] {taskinstance.py:340} INFO - ::group::Post task execution logs
[2024-09-15T17:11:58.146+0000] {taskinstance.py:352} INFO - Marking task as SUCCESS. dag_id=customer_product_bash, task_id=say_end, run_id=manual__2024-09-15T17:11:46.361254+00:00, execution_date=20240915T171146, start_date=20240915T171157, end_date=20240915T171158
[2024-09-15T17:11:58.209+0000] {local_task_job_runner.py:266} INFO - Task exited with return code 0
[2024-09-15T17:11:58.248+0000] {taskinstance.py:3900} INFO - 0 downstream tasks scheduled from follow-on schedule check
[2024-09-15T17:11:58.252+0000] {local_task_job_runner.py:245} INFO - ::endgroup::
