[2024-09-15T17:10:25.987+0000] {local_task_job_runner.py:123} INFO - ::group::Pre task execution logs
[2024-09-15T17:10:26.027+0000] {taskinstance.py:2612} INFO - Dependencies all met for dep_context=non-requeueable deps ti=<TaskInstance: customer_product_bash.say_welcome manual__2024-09-15T17:10:24.503646+00:00 [queued]>
[2024-09-15T17:10:26.047+0000] {taskinstance.py:2612} INFO - Dependencies all met for dep_context=requeueable deps ti=<TaskInstance: customer_product_bash.say_welcome manual__2024-09-15T17:10:24.503646+00:00 [queued]>
[2024-09-15T17:10:26.048+0000] {taskinstance.py:2865} INFO - Starting attempt 1 of 2
[2024-09-15T17:10:26.076+0000] {taskinstance.py:2888} INFO - Executing <Task(BashOperator): say_welcome> on 2024-09-15 17:10:24.503646+00:00
[2024-09-15T17:10:26.087+0000] {warnings.py:112} WARNING - /home/***/.local/lib/python3.12/site-packages/***/task/task_runner/standard_task_runner.py:70: DeprecationWarning: This process (pid=1021) is multi-threaded, use of fork() may lead to deadlocks in the child.
  pid = os.fork()

[2024-09-15T17:10:26.091+0000] {standard_task_runner.py:72} INFO - Started process 1022 to run task
[2024-09-15T17:10:26.091+0000] {standard_task_runner.py:104} INFO - Running: ['***', 'tasks', 'run', 'customer_product_bash', 'say_welcome', 'manual__2024-09-15T17:10:24.503646+00:00', '--job-id', '21', '--raw', '--subdir', 'DAGS_FOLDER/retailData_dags.py', '--cfg-path', '/tmp/tmp1ftbkvlk']
[2024-09-15T17:10:26.093+0000] {standard_task_runner.py:105} INFO - Job 21: Subtask say_welcome
[2024-09-15T17:10:26.207+0000] {task_command.py:467} INFO - Running <TaskInstance: customer_product_bash.say_welcome manual__2024-09-15T17:10:24.503646+00:00 [running]> on host 6b58833345bd
[2024-09-15T17:10:26.406+0000] {taskinstance.py:3131} INFO - Exporting env vars: AIRFLOW_CTX_DAG_EMAIL='muhii.smta@gmail.com' AIRFLOW_CTX_DAG_OWNER='Muhii' AIRFLOW_CTX_DAG_ID='customer_product_bash' AIRFLOW_CTX_TASK_ID='say_welcome' AIRFLOW_CTX_EXECUTION_DATE='2024-09-15T17:10:24.503646+00:00' AIRFLOW_CTX_TRY_NUMBER='1' AIRFLOW_CTX_DAG_RUN_ID='manual__2024-09-15T17:10:24.503646+00:00'
[2024-09-15T17:10:26.408+0000] {taskinstance.py:731} INFO - ::endgroup::
[2024-09-15T17:10:26.448+0000] {subprocess.py:63} INFO - Tmp dir root location: /tmp
[2024-09-15T17:10:26.451+0000] {subprocess.py:75} INFO - Running command: ['/usr/bin/bash', '-c', 'echo "Hallo !"']
[2024-09-15T17:10:26.477+0000] {subprocess.py:86} INFO - Output:
[2024-09-15T17:10:26.480+0000] {subprocess.py:93} INFO - Hallo !
[2024-09-15T17:10:26.482+0000] {subprocess.py:97} INFO - Command exited with return code 0
[2024-09-15T17:10:26.552+0000] {taskinstance.py:340} INFO - ::group::Post task execution logs
[2024-09-15T17:10:26.554+0000] {taskinstance.py:352} INFO - Marking task as SUCCESS. dag_id=customer_product_bash, task_id=say_welcome, run_id=manual__2024-09-15T17:10:24.503646+00:00, execution_date=20240915T171024, start_date=20240915T171026, end_date=20240915T171026
[2024-09-15T17:10:26.633+0000] {local_task_job_runner.py:266} INFO - Task exited with return code 0
[2024-09-15T17:10:26.697+0000] {taskinstance.py:3900} INFO - 1 downstream tasks scheduled from follow-on schedule check
[2024-09-15T17:10:26.702+0000] {local_task_job_runner.py:245} INFO - ::endgroup::
