[2024-09-13T04:43:38.218+0000] {local_task_job_runner.py:123} INFO - ::group::Pre task execution logs
[2024-09-13T04:43:38.259+0000] {taskinstance.py:2612} INFO - Dependencies all met for dep_context=non-requeueable deps ti=<TaskInstance: etl_green_trip_data_python_opr.say_welcome manual__2024-09-13T04:43:35.981446+00:00 [queued]>
[2024-09-13T04:43:38.279+0000] {taskinstance.py:2612} INFO - Dependencies all met for dep_context=requeueable deps ti=<TaskInstance: etl_green_trip_data_python_opr.say_welcome manual__2024-09-13T04:43:35.981446+00:00 [queued]>
[2024-09-13T04:43:38.281+0000] {taskinstance.py:2865} INFO - Starting attempt 1 of 2
[2024-09-13T04:43:38.323+0000] {taskinstance.py:2888} INFO - Executing <Task(PythonOperator): say_welcome> on 2024-09-13 04:43:35.981446+00:00
[2024-09-13T04:43:38.337+0000] {warnings.py:112} WARNING - /home/***/.local/lib/python3.12/site-packages/***/task/task_runner/standard_task_runner.py:70: DeprecationWarning: This process (pid=447) is multi-threaded, use of fork() may lead to deadlocks in the child.
  pid = os.fork()

[2024-09-13T04:43:38.339+0000] {standard_task_runner.py:72} INFO - Started process 449 to run task
[2024-09-13T04:43:38.339+0000] {standard_task_runner.py:104} INFO - Running: ['***', 'tasks', 'run', 'etl_green_trip_data_python_opr', 'say_welcome', 'manual__2024-09-13T04:43:35.981446+00:00', '--job-id', '56', '--raw', '--subdir', 'DAGS_FOLDER/test_dags_python_opr.py', '--cfg-path', '/tmp/tmp2w621ttx']
[2024-09-13T04:43:38.343+0000] {standard_task_runner.py:105} INFO - Job 56: Subtask say_welcome
[2024-09-13T04:43:38.428+0000] {task_command.py:467} INFO - Running <TaskInstance: etl_green_trip_data_python_opr.say_welcome manual__2024-09-13T04:43:35.981446+00:00 [running]> on host 9c5d837b6f3b
[2024-09-13T04:43:38.836+0000] {taskinstance.py:3131} INFO - Exporting env vars: AIRFLOW_CTX_DAG_EMAIL='muhii.smta@gmail.com' AIRFLOW_CTX_DAG_OWNER='Muhii' AIRFLOW_CTX_DAG_ID='etl_green_trip_data_python_opr' AIRFLOW_CTX_TASK_ID='say_welcome' AIRFLOW_CTX_EXECUTION_DATE='2024-09-13T04:43:35.981446+00:00' AIRFLOW_CTX_TRY_NUMBER='1' AIRFLOW_CTX_DAG_RUN_ID='manual__2024-09-13T04:43:35.981446+00:00'
[2024-09-13T04:43:38.837+0000] {taskinstance.py:731} INFO - ::endgroup::
[2024-09-13T04:43:38.860+0000] {logging_mixin.py:190} INFO - Welcome to Apache Airflow
[2024-09-13T04:43:38.861+0000] {logging_mixin.py:190} INFO - First run this task then execute task transform_csv and transform_json parallel
[2024-09-13T04:43:38.862+0000] {logging_mixin.py:190} INFO - Then finally run task end_task
[2024-09-13T04:43:38.863+0000] {python.py:240} INFO - Done. Returned value was: None
[2024-09-13T04:43:38.881+0000] {taskinstance.py:340} INFO - ::group::Post task execution logs
[2024-09-13T04:43:38.882+0000] {taskinstance.py:352} INFO - Marking task as SUCCESS. dag_id=etl_green_trip_data_python_opr, task_id=say_welcome, run_id=manual__2024-09-13T04:43:35.981446+00:00, execution_date=20240913T044335, start_date=20240913T044338, end_date=20240913T044338
[2024-09-13T04:43:38.961+0000] {local_task_job_runner.py:266} INFO - Task exited with return code 0
[2024-09-13T04:43:39.011+0000] {taskinstance.py:3900} INFO - 0 downstream tasks scheduled from follow-on schedule check
[2024-09-13T04:43:39.015+0000] {local_task_job_runner.py:245} INFO - ::endgroup::
