[2024-09-15T17:02:09.743+0000] {local_task_job_runner.py:123} INFO - ::group::Pre task execution logs
[2024-09-15T17:02:09.785+0000] {taskinstance.py:2612} INFO - Dependencies all met for dep_context=non-requeueable deps ti=<TaskInstance: customer_product_bash.retailDataWithAirflow manual__2024-09-15T17:02:05.955482+00:00 [queued]>
[2024-09-15T17:02:09.804+0000] {taskinstance.py:2612} INFO - Dependencies all met for dep_context=requeueable deps ti=<TaskInstance: customer_product_bash.retailDataWithAirflow manual__2024-09-15T17:02:05.955482+00:00 [queued]>
[2024-09-15T17:02:09.805+0000] {taskinstance.py:2865} INFO - Starting attempt 1 of 2
[2024-09-15T17:02:09.832+0000] {taskinstance.py:2888} INFO - Executing <Task(BashOperator): retailDataWithAirflow> on 2024-09-15 17:02:05.955482+00:00
[2024-09-15T17:02:09.843+0000] {warnings.py:112} WARNING - /home/***/.local/lib/python3.12/site-packages/***/task/task_runner/standard_task_runner.py:70: DeprecationWarning: This process (pid=870) is multi-threaded, use of fork() may lead to deadlocks in the child.
  pid = os.fork()

[2024-09-15T17:02:09.846+0000] {standard_task_runner.py:72} INFO - Started process 871 to run task
[2024-09-15T17:02:09.846+0000] {standard_task_runner.py:104} INFO - Running: ['***', 'tasks', 'run', 'customer_product_bash', 'retailDataWithAirflow', 'manual__2024-09-15T17:02:05.955482+00:00', '--job-id', '16', '--raw', '--subdir', 'DAGS_FOLDER/retailData_dags.py', '--cfg-path', '/tmp/tmp0g8jyb5c']
[2024-09-15T17:02:09.849+0000] {standard_task_runner.py:105} INFO - Job 16: Subtask retailDataWithAirflow
[2024-09-15T17:02:09.948+0000] {task_command.py:467} INFO - Running <TaskInstance: customer_product_bash.retailDataWithAirflow manual__2024-09-15T17:02:05.955482+00:00 [running]> on host 6b58833345bd
[2024-09-15T17:02:10.146+0000] {taskinstance.py:3131} INFO - Exporting env vars: AIRFLOW_CTX_DAG_EMAIL='muhii.smta@gmail.com' AIRFLOW_CTX_DAG_OWNER='Muhii' AIRFLOW_CTX_DAG_ID='customer_product_bash' AIRFLOW_CTX_TASK_ID='retailDataWithAirflow' AIRFLOW_CTX_EXECUTION_DATE='2024-09-15T17:02:05.955482+00:00' AIRFLOW_CTX_TRY_NUMBER='1' AIRFLOW_CTX_DAG_RUN_ID='manual__2024-09-15T17:02:05.955482+00:00'
[2024-09-15T17:02:10.149+0000] {taskinstance.py:731} INFO - ::endgroup::
[2024-09-15T17:02:10.195+0000] {subprocess.py:63} INFO - Tmp dir root location: /tmp
[2024-09-15T17:02:10.197+0000] {subprocess.py:75} INFO - Running command: ['/usr/bin/bash', '-c', 'python /opt/***/dags/script/retailDataWithAirflow.py']
[2024-09-15T17:02:10.224+0000] {subprocess.py:86} INFO - Output:
[2024-09-15T17:02:13.278+0000] {subprocess.py:93} INFO - Error loading data to database: (psycopg2.OperationalError) connection to server at "localhost" (::1), port 5433 failed: Connection refused
[2024-09-15T17:02:13.280+0000] {subprocess.py:93} INFO - 	Is the server running on that host and accepting TCP/IP connections?
[2024-09-15T17:02:13.282+0000] {subprocess.py:93} INFO - connection to server at "localhost" (127.0.0.1), port 5433 failed: Connection refused
[2024-09-15T17:02:13.283+0000] {subprocess.py:93} INFO - 	Is the server running on that host and accepting TCP/IP connections?
[2024-09-15T17:02:13.284+0000] {subprocess.py:93} INFO - 
[2024-09-15T17:02:13.285+0000] {subprocess.py:93} INFO - (Background on this error at: https://sqlalche.me/e/14/e3q8)
[2024-09-15T17:02:13.286+0000] {subprocess.py:93} INFO - Error loading data to database: (psycopg2.OperationalError) connection to server at "localhost" (::1), port 5433 failed: Connection refused
[2024-09-15T17:02:13.287+0000] {subprocess.py:93} INFO - 	Is the server running on that host and accepting TCP/IP connections?
[2024-09-15T17:02:13.288+0000] {subprocess.py:93} INFO - connection to server at "localhost" (127.0.0.1), port 5433 failed: Connection refused
[2024-09-15T17:02:13.289+0000] {subprocess.py:93} INFO - 	Is the server running on that host and accepting TCP/IP connections?
[2024-09-15T17:02:13.290+0000] {subprocess.py:93} INFO - 
[2024-09-15T17:02:13.290+0000] {subprocess.py:93} INFO - (Background on this error at: https://sqlalche.me/e/14/e3q8)
[2024-09-15T17:02:13.457+0000] {subprocess.py:97} INFO - Command exited with return code 0
[2024-09-15T17:02:13.524+0000] {taskinstance.py:340} INFO - ::group::Post task execution logs
[2024-09-15T17:02:13.525+0000] {taskinstance.py:352} INFO - Marking task as SUCCESS. dag_id=customer_product_bash, task_id=retailDataWithAirflow, run_id=manual__2024-09-15T17:02:05.955482+00:00, execution_date=20240915T170205, start_date=20240915T170209, end_date=20240915T170213
[2024-09-15T17:02:13.566+0000] {local_task_job_runner.py:266} INFO - Task exited with return code 0
[2024-09-15T17:02:13.615+0000] {taskinstance.py:3900} INFO - 1 downstream tasks scheduled from follow-on schedule check
[2024-09-15T17:02:13.619+0000] {local_task_job_runner.py:245} INFO - ::endgroup::
