[2024-09-15T17:02:14.840+0000] {local_task_job_runner.py:123} INFO - ::group::Pre task execution logs
[2024-09-15T17:02:14.881+0000] {taskinstance.py:2612} INFO - Dependencies all met for dep_context=non-requeueable deps ti=<TaskInstance: customer_product_bash.say_end manual__2024-09-15T17:02:05.955482+00:00 [queued]>
[2024-09-15T17:02:14.899+0000] {taskinstance.py:2612} INFO - Dependencies all met for dep_context=requeueable deps ti=<TaskInstance: customer_product_bash.say_end manual__2024-09-15T17:02:05.955482+00:00 [queued]>
[2024-09-15T17:02:14.900+0000] {taskinstance.py:2865} INFO - Starting attempt 1 of 2
[2024-09-15T17:02:14.936+0000] {taskinstance.py:2888} INFO - Executing <Task(BashOperator): say_end> on 2024-09-15 17:02:05.955482+00:00
[2024-09-15T17:02:14.948+0000] {warnings.py:112} WARNING - /home/***/.local/lib/python3.12/site-packages/***/task/task_runner/standard_task_runner.py:70: DeprecationWarning: This process (pid=890) is multi-threaded, use of fork() may lead to deadlocks in the child.
  pid = os.fork()

[2024-09-15T17:02:14.950+0000] {standard_task_runner.py:104} INFO - Running: ['***', 'tasks', 'run', 'customer_product_bash', 'say_end', 'manual__2024-09-15T17:02:05.955482+00:00', '--job-id', '17', '--raw', '--subdir', 'DAGS_FOLDER/retailData_dags.py', '--cfg-path', '/tmp/tmp3cww3dn2']
[2024-09-15T17:02:14.952+0000] {standard_task_runner.py:72} INFO - Started process 891 to run task
[2024-09-15T17:02:14.953+0000] {standard_task_runner.py:105} INFO - Job 17: Subtask say_end
[2024-09-15T17:02:15.062+0000] {task_command.py:467} INFO - Running <TaskInstance: customer_product_bash.say_end manual__2024-09-15T17:02:05.955482+00:00 [running]> on host 6b58833345bd
[2024-09-15T17:02:15.250+0000] {taskinstance.py:3131} INFO - Exporting env vars: AIRFLOW_CTX_DAG_EMAIL='muhii.smta@gmail.com' AIRFLOW_CTX_DAG_OWNER='Muhii' AIRFLOW_CTX_DAG_ID='customer_product_bash' AIRFLOW_CTX_TASK_ID='say_end' AIRFLOW_CTX_EXECUTION_DATE='2024-09-15T17:02:05.955482+00:00' AIRFLOW_CTX_TRY_NUMBER='1' AIRFLOW_CTX_DAG_RUN_ID='manual__2024-09-15T17:02:05.955482+00:00'
[2024-09-15T17:02:15.253+0000] {taskinstance.py:731} INFO - ::endgroup::
[2024-09-15T17:02:15.284+0000] {subprocess.py:63} INFO - Tmp dir root location: /tmp
[2024-09-15T17:02:15.286+0000] {subprocess.py:75} INFO - Running command: ['/usr/bin/bash', '-c', 'echo "Good Bye ..."']
[2024-09-15T17:02:15.308+0000] {subprocess.py:86} INFO - Output:
[2024-09-15T17:02:15.311+0000] {subprocess.py:93} INFO - Good Bye ...
[2024-09-15T17:02:15.313+0000] {subprocess.py:97} INFO - Command exited with return code 0
[2024-09-15T17:02:15.370+0000] {taskinstance.py:340} INFO - ::group::Post task execution logs
[2024-09-15T17:02:15.372+0000] {taskinstance.py:352} INFO - Marking task as SUCCESS. dag_id=customer_product_bash, task_id=say_end, run_id=manual__2024-09-15T17:02:05.955482+00:00, execution_date=20240915T170205, start_date=20240915T170214, end_date=20240915T170215
[2024-09-15T17:02:15.413+0000] {local_task_job_runner.py:266} INFO - Task exited with return code 0
[2024-09-15T17:02:15.451+0000] {taskinstance.py:3900} INFO - 0 downstream tasks scheduled from follow-on schedule check
[2024-09-15T17:02:15.456+0000] {local_task_job_runner.py:245} INFO - ::endgroup::
